[debug] [2020-12-22T10:37:39.139Z] ----------------------------------------------------------------------
[debug] [2020-12-22T10:37:39.141Z] Command:       C:\Program Files\nodejs\node.exe C:\Users\darkhorse\AppData\Roaming\npm\node_modules\firebase-tools\lib\bin\firebase.js init
[debug] [2020-12-22T10:37:39.141Z] CLI Version:   8.19.0
[debug] [2020-12-22T10:37:39.141Z] Platform:      win32
[debug] [2020-12-22T10:37:39.141Z] Node Version:  v14.15.0
[debug] [2020-12-22T10:37:39.142Z] Time:          Tue Dec 22 2020 18:37:39 GMT+0800 (China Standard Time)
[debug] [2020-12-22T10:37:39.142Z] ----------------------------------------------------------------------
[debug] [2020-12-22T10:37:39.142Z] 
[debug] [2020-12-22T10:37:39.147Z] > command requires scopes: ["email","openid","https://www.googleapis.com/auth/cloudplatformprojects.readonly","https://www.googleapis.com/auth/firebase","https://www.googleapis.com/auth/cloud-platform"]
[debug] [2020-12-22T10:37:39.147Z] > authorizing via signed-in user
[info] 
     ######## #### ########  ######## ########     ###     ######  ########
     ##        ##  ##     ## ##       ##     ##  ##   ##  ##       ##
     ######    ##  ########  ######   ########  #########  ######  ######
     ##        ##  ##    ##  ##       ##     ## ##     ##       ## ##
     ##       #### ##     ## ######## ########  ##     ##  ######  ########

You're about to initialize a Firebase project in this directory:

  E:\React\Serverless-Ecommerace\ddtan30\dsninja

Before we get started, keep in mind:

  * You are initializing in an existing Firebase project directory

